#
# There is insufficient memory for the Java Runtime Environment to continue.
# Native memory allocation (malloc) failed to allocate 1393776 bytes for Chunk::new
# Possible reasons:
#   The system is out of physical RAM or swap space
#   The process is running with CompressedOops enabled, and the Java Heap may be blocking the growth of the native heap
# Possible solutions:
#   Reduce memory load on the system
#   Increase physical memory or swap space
#   Check if swap backing store is full
#   Decrease Java heap size (-Xmx/-Xms)
#   Decrease number of Java threads
#   Decrease Java thread stack sizes (-Xss)
#   Set larger code cache with -XX:ReservedCodeCacheSize=
#   JVM is running with Unscaled Compressed Oops mode in which the Java heap is
#     placed in the first 4GB address space. The Java Heap base address is the
#     maximum limit for the native heap growth. Please use -XX:HeapBaseMinAddress
#     to set the Java Heap base and to place the Java Heap above 4GB virtual address.
# This output file may be truncated or incomplete.
#
#  Out of Memory Error (arena.cpp:191), pid=3420, tid=14524
#
# JRE version: OpenJDK Runtime Environment Temurin-17.0.10+7 (17.0.10+7) (build 17.0.10+7)
# Java VM: OpenJDK 64-Bit Server VM Temurin-17.0.10+7 (17.0.10+7, mixed mode, tiered, compressed oops, compressed class ptrs, g1 gc, windows-amd64)
# No core dump will be written. Minidumps are not enabled by default on client versions of Windows
#

---------------  S U M M A R Y ------------

Command Line: -XX:+ShowCodeDetailsInExceptionMessages com.sebas.demo.ProyectoOngApplication

Host: Intel(R) Core(TM) i3-10110U CPU @ 2.10GHz, 4 cores, 3G,  Windows 10 , 64 bit Build 19041 (10.0.19041.3636)
Time: Mon Apr  8 19:22:50 2024 Hora est. Pacífico, Sudamérica elapsed time: 11.884256 seconds (0d 0h 0m 11s)

---------------  T H R E A D  ---------------

Current thread (0x000002ed627c4cc0):  JavaThread "C2 CompilerThread0" daemon [_thread_in_native, id=14524, stack(0x000000fbd9b00000,0x000000fbd9c00000)]


Current CompileTask:
C2:  11884 4800       4       jdk.internal.org.objectweb.asm.MethodWriter::computeAllFrames (510 bytes)

Stack: [0x000000fbd9b00000,0x000000fbd9c00000]
Native frames: (J=compiled Java code, j=interpreted, Vv=VM code, C=native code)
V  [jvm.dll+0x67d2c9]
V  [jvm.dll+0x834afa]
V  [jvm.dll+0x8365be]
V  [jvm.dll+0x836c23]
V  [jvm.dll+0x2477ff]
V  [jvm.dll+0xac514]
V  [jvm.dll+0xacb5c]
V  [jvm.dll+0x366782]
V  [jvm.dll+0x330bfa]
V  [jvm.dll+0x33009a]
V  [jvm.dll+0x219ef1]
V  [jvm.dll+0x219311]
V  [jvm.dll+0x1a502d]
V  [jvm.dll+0x2290de]
V  [jvm.dll+0x2272ac]
V  [jvm.dll+0x7e9bb7]
V  [jvm.dll+0x7e3fba]
V  [jvm.dll+0x67c1b5]
C  [ucrtbase.dll+0x21bb2]
C  [KERNEL32.DLL+0x17344]
C  [ntdll.dll+0x526b1]


---------------  P R O C E S S  ---------------

Threads class SMR info:
_java_thread_list=0x000002ed683fb700, length=20, elements={
0x000002ed4c1c2be0, 0x000002ed62778e00, 0x000002ed6277a560, 0x000002ed627ad5e0,
0x000002ed6278aff0, 0x000002ed6278e160, 0x000002ed6278f2c0, 0x000002ed627c4cc0,
0x000002ed627c5d70, 0x000002ed627c9610, 0x000002ed62a46960, 0x000002ed62a5d4d0,
0x000002ed671eab40, 0x000002ed678e4200, 0x000002ed690cde30, 0x000002ed693d0f10,
0x000002ed68939450, 0x000002ed69bb9e50, 0x000002ed69bbb7a0, 0x000002ed69bb8f20
}

Java Threads: ( => current thread )
  0x000002ed4c1c2be0 JavaThread "main" [_thread_blocked, id=8256, stack(0x000000fbd8e00000,0x000000fbd8f00000)]
  0x000002ed62778e00 JavaThread "Reference Handler" daemon [_thread_blocked, id=13096, stack(0x000000fbd9500000,0x000000fbd9600000)]
  0x000002ed6277a560 JavaThread "Finalizer" daemon [_thread_blocked, id=15704, stack(0x000000fbd9600000,0x000000fbd9700000)]
  0x000002ed627ad5e0 JavaThread "Signal Dispatcher" daemon [_thread_blocked, id=14088, stack(0x000000fbd9700000,0x000000fbd9800000)]
  0x000002ed6278aff0 JavaThread "Attach Listener" daemon [_thread_blocked, id=4524, stack(0x000000fbd9800000,0x000000fbd9900000)]
  0x000002ed6278e160 JavaThread "Service Thread" daemon [_thread_blocked, id=16488, stack(0x000000fbd9900000,0x000000fbd9a00000)]
  0x000002ed6278f2c0 JavaThread "Monitor Deflation Thread" daemon [_thread_blocked, id=9996, stack(0x000000fbd9a00000,0x000000fbd9b00000)]
=>0x000002ed627c4cc0 JavaThread "C2 CompilerThread0" daemon [_thread_in_native, id=14524, stack(0x000000fbd9b00000,0x000000fbd9c00000)]
  0x000002ed627c5d70 JavaThread "C1 CompilerThread0" daemon [_thread_blocked, id=14864, stack(0x000000fbd9c00000,0x000000fbd9d00000)]
  0x000002ed627c9610 JavaThread "Sweeper thread" daemon [_thread_blocked, id=6172, stack(0x000000fbd9d00000,0x000000fbd9e00000)]
  0x000002ed62a46960 JavaThread "Notification Thread" daemon [_thread_blocked, id=9516, stack(0x000000fbd9e00000,0x000000fbd9f00000)]
  0x000002ed62a5d4d0 JavaThread "Common-Cleaner" daemon [_thread_blocked, id=13936, stack(0x000000fbda000000,0x000000fbda100000)]
  0x000002ed671eab40 JavaThread "Thread-0" [_thread_blocked, id=4900, stack(0x000000fbda400000,0x000000fbda500000)]
  0x000002ed678e4200 JavaThread "restartedMain" [_thread_in_Java, id=14332, stack(0x000000fbda500000,0x000000fbda600000)]
  0x000002ed690cde30 JavaThread "mysql-cj-abandoned-connection-cleanup" daemon [_thread_blocked, id=4772, stack(0x000000fbda600000,0x000000fbda700000)]
  0x000002ed693d0f10 JavaThread "HikariPool-1 housekeeper" daemon [_thread_blocked, id=6324, stack(0x000000fbda700000,0x000000fbda800000)]
  0x000002ed68939450 JavaThread "HikariPool-1 connection adder" daemon [_thread_blocked, id=7796, stack(0x000000fbda800000,0x000000fbda900000)]
  0x000002ed69bb9e50 JavaThread "Catalina-utility-1" [_thread_blocked, id=17020, stack(0x000000fbda900000,0x000000fbdaa00000)]
  0x000002ed69bbb7a0 JavaThread "Catalina-utility-2" [_thread_blocked, id=15328, stack(0x000000fbdaa00000,0x000000fbdab00000)]
  0x000002ed69bb8f20 JavaThread "container-0" [_thread_blocked, id=1696, stack(0x000000fbdab00000,0x000000fbdac00000)]

Other Threads:
  0x000002ed4c27ea60 VMThread "VM Thread" [stack: 0x000000fbd9400000,0x000000fbd9500000] [id=16536]
  0x000002ed629affe0 WatcherThread [stack: 0x000000fbd9f00000,0x000000fbda000000] [id=15952]
  0x000002ed4c205470 GCTaskThread "GC Thread#0" [stack: 0x000000fbd8f00000,0x000000fbd9000000] [id=13548]
  0x000002ed673ff7f0 GCTaskThread "GC Thread#1" [stack: 0x000000fbda100000,0x000000fbda200000] [id=8188]
  0x000002ed6761d2e0 GCTaskThread "GC Thread#2" [stack: 0x000000fbda200000,0x000000fbda300000] [id=14620]
  0x000002ed6761d5a0 GCTaskThread "GC Thread#3" [stack: 0x000000fbda300000,0x000000fbda400000] [id=9708]
  0x000002ed4c20de40 ConcurrentGCThread "G1 Main Marker" [stack: 0x000000fbd9000000,0x000000fbd9100000] [id=11516]
  0x000002ed4c20e860 ConcurrentGCThread "G1 Conc#0" [stack: 0x000000fbd9100000,0x000000fbd9200000] [id=17384]
  0x000002ed4c24a390 ConcurrentGCThread "G1 Refine#0" [stack: 0x000000fbd9200000,0x000000fbd9300000] [id=13816]
  0x000002ed4c24adc0 ConcurrentGCThread "G1 Service" [stack: 0x000000fbd9300000,0x000000fbd9400000] [id=13084]

Threads with active compile tasks:
C2 CompilerThread0    11928 4800       4       jdk.internal.org.objectweb.asm.MethodWriter::computeAllFrames (510 bytes)
C1 CompilerThread0    11928 4945   !   2       net.bytebuddy.description.annotation.AnnotationDescription$ForLoadedAnnotation::getValue (381 bytes)

VM state: not at safepoint (normal execution)

VM Mutex/Monitor currently owned by a thread: None

Heap address: 0x00000000c2c00000, size: 980 MB, Compressed Oops mode: 32-bit

CDS archive(s) not mapped
Compressed class space mapped at: 0x0000000100000000-0x0000000140000000, reserved size: 1073741824
Narrow klass base: 0x0000000000000000, Narrow klass shift: 3, Narrow klass range: 0x140000000

GC Precious Log:
 CPUs: 4 total, 4 available
 Memory: 3918M
 Large Page Support: Disabled
 NUMA Support: Disabled
 Compressed Oops: Enabled (32-bit)
 Heap Region Size: 1M
 Heap Min Capacity: 8M
 Heap Initial Capacity: 62M
 Heap Max Capacity: 980M
 Pre-touch: Disabled
 Parallel Workers: 4
 Concurrent Workers: 1
 Concurrent Refinement Workers: 4
 Periodic GC: Disabled

Heap:
 garbage-first heap   total 75776K, used 29844K [0x00000000c2c00000, 0x0000000100000000)
  region size 1024K, 9 young (9216K), 3 survivors (3072K)
 Metaspace       used 61242K, committed 61760K, reserved 1114112K
  class space    used 8187K, committed 8448K, reserved 1048576K

Heap Regions: E=young(eden), S=young(survivor), O=old, HS=humongous(starts), HC=humongous(continues), CS=collection set, F=free, OA=open archive, CA=closed archive, TAMS=top-at-mark-start (previous, next)
|   0|0x00000000c2c00000, 0x00000000c2d00000, 0x00000000c2d00000|100%|HS|  |TAMS 0x00000000c2d00000, 0x00000000c2c00000| Complete 
|   1|0x00000000c2d00000, 0x00000000c2e00000, 0x00000000c2e00000|100%| O|  |TAMS 0x00000000c2e00000, 0x00000000c2d00000| Untracked 
|   2|0x00000000c2e00000, 0x00000000c2f00000, 0x00000000c2f00000|100%| O|  |TAMS 0x00000000c2f00000, 0x00000000c2e00000| Untracked 
|   3|0x00000000c2f00000, 0x00000000c3000000, 0x00000000c3000000|100%| O|  |TAMS 0x00000000c3000000, 0x00000000c2f00000| Untracked 
|   4|0x00000000c3000000, 0x00000000c3100000, 0x00000000c3100000|100%| O|  |TAMS 0x00000000c3100000, 0x00000000c3000000| Untracked 
|   5|0x00000000c3100000, 0x00000000c3200000, 0x00000000c3200000|100%| O|  |TAMS 0x00000000c3200000, 0x00000000c3100000| Untracked 
|   6|0x00000000c3200000, 0x00000000c3300000, 0x00000000c3300000|100%| O|  |TAMS 0x00000000c3300000, 0x00000000c3200000| Untracked 
|   7|0x00000000c3300000, 0x00000000c3400000, 0x00000000c3400000|100%| O|  |TAMS 0x00000000c3400000, 0x00000000c3300000| Untracked 
|   8|0x00000000c3400000, 0x00000000c3500000, 0x00000000c3500000|100%| O|  |TAMS 0x00000000c3500000, 0x00000000c3400000| Untracked 
|   9|0x00000000c3500000, 0x00000000c3600000, 0x00000000c3600000|100%| O|  |TAMS 0x00000000c3600000, 0x00000000c3500000| Untracked 
|  10|0x00000000c3600000, 0x00000000c3700000, 0x00000000c3700000|100%| O|  |TAMS 0x00000000c3700000, 0x00000000c3600000| Untracked 
|  11|0x00000000c3700000, 0x00000000c3800000, 0x00000000c3800000|100%| O|  |TAMS 0x00000000c3800000, 0x00000000c3700000| Untracked 
|  12|0x00000000c3800000, 0x00000000c3900000, 0x00000000c3900000|100%| O|  |TAMS 0x00000000c3900000, 0x00000000c3800000| Untracked 
|  13|0x00000000c3900000, 0x00000000c3a00000, 0x00000000c3a00000|100%| O|  |TAMS 0x00000000c3a00000, 0x00000000c3900000| Untracked 
|  14|0x00000000c3a00000, 0x00000000c3b00000, 0x00000000c3b00000|100%| O|  |TAMS 0x00000000c3b00000, 0x00000000c3a00000| Untracked 
|  15|0x00000000c3b00000, 0x00000000c3c00000, 0x00000000c3c00000|100%| O|  |TAMS 0x00000000c3c00000, 0x00000000c3b00000| Untracked 
|  16|0x00000000c3c00000, 0x00000000c3d00000, 0x00000000c3d00000|100%| O|  |TAMS 0x00000000c3d00000, 0x00000000c3c00000| Untracked 
|  17|0x00000000c3d00000, 0x00000000c3e00000, 0x00000000c3e00000|100%| O|  |TAMS 0x00000000c3e00000, 0x00000000c3d00000| Untracked 
|  18|0x00000000c3e00000, 0x00000000c3f00000, 0x00000000c3f00000|100%| O|  |TAMS 0x00000000c3f00000, 0x00000000c3e00000| Untracked 
|  19|0x00000000c3f00000, 0x00000000c4000000, 0x00000000c4000000|100%| O|  |TAMS 0x00000000c3fb0800, 0x00000000c3f00000| Untracked 
|  20|0x00000000c4000000, 0x00000000c4100000, 0x00000000c4100000|100%| O|  |TAMS 0x00000000c4000000, 0x00000000c4000000| Untracked 
|  21|0x00000000c4100000, 0x00000000c41ab600, 0x00000000c4200000| 66%| O|  |TAMS 0x00000000c4100000, 0x00000000c4100000| Untracked 
|  22|0x00000000c4200000, 0x00000000c4200000, 0x00000000c4300000|  0%| F|  |TAMS 0x00000000c4200000, 0x00000000c4200000| Untracked 
|  23|0x00000000c4300000, 0x00000000c4300000, 0x00000000c4400000|  0%| F|  |TAMS 0x00000000c4300000, 0x00000000c4300000| Untracked 
|  24|0x00000000c4400000, 0x00000000c4400000, 0x00000000c4500000|  0%| F|  |TAMS 0x00000000c4400000, 0x00000000c4400000| Untracked 
|  25|0x00000000c4500000, 0x00000000c4500000, 0x00000000c4600000|  0%| F|  |TAMS 0x00000000c4500000, 0x00000000c4500000| Untracked 
|  26|0x00000000c4600000, 0x00000000c4600000, 0x00000000c4700000|  0%| F|  |TAMS 0x00000000c4600000, 0x00000000c4600000| Untracked 
|  27|0x00000000c4700000, 0x00000000c4700000, 0x00000000c4800000|  0%| F|  |TAMS 0x00000000c4700000, 0x00000000c4700000| Untracked 
|  28|0x00000000c4800000, 0x00000000c4800000, 0x00000000c4900000|  0%| F|  |TAMS 0x00000000c4800000, 0x00000000c4800000| Untracked 
|  29|0x00000000c4900000, 0x00000000c4900000, 0x00000000c4a00000|  0%| F|  |TAMS 0x00000000c4900000, 0x00000000c4900000| Untracked 
|  30|0x00000000c4a00000, 0x00000000c4a00000, 0x00000000c4b00000|  0%| F|  |TAMS 0x00000000c4a00000, 0x00000000c4a00000| Untracked 
|  31|0x00000000c4b00000, 0x00000000c4b00000, 0x00000000c4c00000|  0%| F|  |TAMS 0x00000000c4b00000, 0x00000000c4b00000| Untracked 
|  32|0x00000000c4c00000, 0x00000000c4c00000, 0x00000000c4d00000|  0%| F|  |TAMS 0x00000000c4c00000, 0x00000000c4c00000| Untracked 
|  33|0x00000000c4d00000, 0x00000000c4d00000, 0x00000000c4e00000|  0%| F|  |TAMS 0x00000000c4d00000, 0x00000000c4d00000| Untracked 
|  34|0x00000000c4e00000, 0x00000000c4e00000, 0x00000000c4f00000|  0%| F|  |TAMS 0x00000000c4e00000, 0x00000000c4e00000| Untracked 
|  35|0x00000000c4f00000, 0x00000000c4f00000, 0x00000000c5000000|  0%| F|  |TAMS 0x00000000c4f00000, 0x00000000c4f00000| Untracked 
|  36|0x00000000c5000000, 0x00000000c5000000, 0x00000000c5100000|  0%| F|  |TAMS 0x00000000c5000000, 0x00000000c5000000| Untracked 
|  37|0x00000000c5100000, 0x00000000c5100000, 0x00000000c5200000|  0%| F|  |TAMS 0x00000000c5100000, 0x00000000c5100000| Untracked 
|  38|0x00000000c5200000, 0x00000000c5200000, 0x00000000c5300000|  0%| F|  |TAMS 0x00000000c5200000, 0x00000000c5200000| Untracked 
|  39|0x00000000c5300000, 0x00000000c5300000, 0x00000000c5400000|  0%| F|  |TAMS 0x00000000c5300000, 0x00000000c5300000| Untracked 
|  40|0x00000000c5400000, 0x00000000c5400000, 0x00000000c5500000|  0%| F|  |TAMS 0x00000000c5400000, 0x00000000c5400000| Untracked 
|  41|0x00000000c5500000, 0x00000000c5500000, 0x00000000c5600000|  0%| F|  |TAMS 0x00000000c5500000, 0x00000000c5500000| Untracked 
|  42|0x00000000c5600000, 0x00000000c5600000, 0x00000000c5700000|  0%| F|  |TAMS 0x00000000c5600000, 0x00000000c5600000| Untracked 
|  43|0x00000000c5700000, 0x00000000c5700000, 0x00000000c5800000|  0%| F|  |TAMS 0x00000000c5700000, 0x00000000c5700000| Untracked 
|  44|0x00000000c5800000, 0x00000000c5800000, 0x00000000c5900000|  0%| F|  |TAMS 0x00000000c5800000, 0x00000000c5800000| Untracked 
|  45|0x00000000c5900000, 0x00000000c5900000, 0x00000000c5a00000|  0%| F|  |TAMS 0x00000000c5900000, 0x00000000c5900000| Untracked 
|  46|0x00000000c5a00000, 0x00000000c5a00000, 0x00000000c5b00000|  0%| F|  |TAMS 0x00000000c5a00000, 0x00000000c5a00000| Untracked 
|  47|0x00000000c5b00000, 0x00000000c5b00000, 0x00000000c5c00000|  0%| F|  |TAMS 0x00000000c5b00000, 0x00000000c5b00000| Untracked 
|  48|0x00000000c5c00000, 0x00000000c5c00000, 0x00000000c5d00000|  0%| F|  |TAMS 0x00000000c5c00000, 0x00000000c5c00000| Untracked 
|  49|0x00000000c5d00000, 0x00000000c5d00000, 0x00000000c5e00000|  0%| F|  |TAMS 0x00000000c5d00000, 0x00000000c5d00000| Untracked 
|  50|0x00000000c5e00000, 0x00000000c5e00000, 0x00000000c5f00000|  0%| F|  |TAMS 0x00000000c5e00000, 0x00000000c5e00000| Untracked 
|  51|0x00000000c5f00000, 0x00000000c5f00000, 0x00000000c6000000|  0%| F|  |TAMS 0x00000000c5f00000, 0x00000000c5f00000| Untracked 
|  52|0x00000000c6000000, 0x00000000c6000000, 0x00000000c6100000|  0%| F|  |TAMS 0x00000000c6000000, 0x00000000c6000000| Untracked 
|  53|0x00000000c6100000, 0x00000000c6100000, 0x00000000c6200000|  0%| F|  |TAMS 0x00000000c6100000, 0x00000000c6100000| Untracked 
|  54|0x00000000c6200000, 0x00000000c6200000, 0x00000000c6300000|  0%| F|  |TAMS 0x00000000c6200000, 0x00000000c6200000| Untracked 
|  55|0x00000000c6300000, 0x00000000c6300000, 0x00000000c6400000|  0%| F|  |TAMS 0x00000000c6300000, 0x00000000c6300000| Untracked 
|  56|0x00000000c6400000, 0x00000000c6400000, 0x00000000c6500000|  0%| F|  |TAMS 0x00000000c6400000, 0x00000000c6400000| Untracked 
|  57|0x00000000c6500000, 0x00000000c6500000, 0x00000000c6600000|  0%| F|  |TAMS 0x00000000c6500000, 0x00000000c6500000| Untracked 
|  58|0x00000000c6600000, 0x00000000c6600000, 0x00000000c6700000|  0%| F|  |TAMS 0x00000000c6600000, 0x00000000c6600000| Untracked 
|  59|0x00000000c6700000, 0x00000000c6700000, 0x00000000c6800000|  0%| F|  |TAMS 0x00000000c6700000, 0x00000000c6700000| Untracked 
|  60|0x00000000c6800000, 0x00000000c6879cf8, 0x00000000c6900000| 47%| S|CS|TAMS 0x00000000c6800000, 0x00000000c6800000| Complete 
|  61|0x00000000c6900000, 0x00000000c6a00000, 0x00000000c6a00000|100%| S|CS|TAMS 0x00000000c6900000, 0x00000000c6900000| Complete 
|  62|0x00000000c6a00000, 0x00000000c6b00000, 0x00000000c6b00000|100%| S|CS|TAMS 0x00000000c6a00000, 0x00000000c6a00000| Complete 
|  63|0x00000000c6b00000, 0x00000000c6b00000, 0x00000000c6c00000|  0%| F|  |TAMS 0x00000000c6b00000, 0x00000000c6b00000| Untracked 
|  64|0x00000000c6c00000, 0x00000000c6c00000, 0x00000000c6d00000|  0%| F|  |TAMS 0x00000000c6c00000, 0x00000000c6c00000| Untracked 
|  65|0x00000000c6d00000, 0x00000000c6d00000, 0x00000000c6e00000|  0%| F|  |TAMS 0x00000000c6d00000, 0x00000000c6d00000| Untracked 
|  66|0x00000000c6e00000, 0x00000000c6e00000, 0x00000000c6f00000|  0%| F|  |TAMS 0x00000000c6e00000, 0x00000000c6e00000| Untracked 
|  67|0x00000000c6f00000, 0x00000000c6f00000, 0x00000000c7000000|  0%| F|  |TAMS 0x00000000c6f00000, 0x00000000c6f00000| Untracked 
|  68|0x00000000c7000000, 0x00000000c7080800, 0x00000000c7100000| 50%| E|  |TAMS 0x00000000c7000000, 0x00000000c7000000| Complete 
|  69|0x00000000c7100000, 0x00000000c7200000, 0x00000000c7200000|100%| E|CS|TAMS 0x00000000c7100000, 0x00000000c7100000| Complete 
|  70|0x00000000c7200000, 0x00000000c7300000, 0x00000000c7300000|100%| E|CS|TAMS 0x00000000c7200000, 0x00000000c7200000| Complete 
|  71|0x00000000c7300000, 0x00000000c7400000, 0x00000000c7400000|100%| E|CS|TAMS 0x00000000c7300000, 0x00000000c7300000| Complete 
|  72|0x00000000c7400000, 0x00000000c7500000, 0x00000000c7500000|100%| E|CS|TAMS 0x00000000c7400000, 0x00000000c7400000| Complete 
|  73|0x00000000c7500000, 0x00000000c7600000, 0x00000000c7600000|100%| E|CS|TAMS 0x00000000c7500000, 0x00000000c7500000| Complete 

Card table byte_map: [0x000002ed5e050000,0x000002ed5e240000] _byte_map_base: 0x000002ed5da3a000

Marking Bits (Prev, Next): (CMBitMap*) 0x000002ed4c205ad0, (CMBitMap*) 0x000002ed4c205a90
 Prev Bits: [0x000002ed5f380000, 0x000002ed602d0000)
 Next Bits: [0x000002ed5e430000, 0x000002ed5f380000)

Polling page: 0x000002ed49fe0000

Metaspace:

Usage:
  Non-class:     51.81 MB used.
      Class:      8.00 MB used.
       Both:     59.81 MB used.

Virtual space:
  Non-class space:       64.00 MB reserved,      52.06 MB ( 81%) committed,  1 nodes.
      Class space:        1.00 GB reserved,       8.25 MB ( <1%) committed,  1 nodes.
             Both:        1.06 GB reserved,      60.31 MB (  6%) committed. 

Chunk freelists:
   Non-Class:  11.02 MB
       Class:  7.78 MB
        Both:  18.79 MB

MaxMetaspaceSize: unlimited
CompressedClassSpaceSize: 1.00 GB
Initial GC threshold: 21.00 MB
Current GC threshold: 99.69 MB
CDS: off
MetaspaceReclaimPolicy: balanced
 - commit_granule_bytes: 65536.
 - commit_granule_words: 8192.
 - virtual_space_node_default_size: 8388608.
 - enlarge_chunks_in_place: 1.
 - new_chunks_are_fully_committed: 0.
 - uncommit_free_chunks: 1.
 - use_allocation_guard: 0.
 - handle_deallocations: 1.


Internal statistics:

num_allocs_failed_limit: 9.
num_arena_births: 632.
num_arena_deaths: 0.
num_vsnodes_births: 2.
num_vsnodes_deaths: 0.
num_space_committed: 965.
num_space_uncommitted: 0.
num_chunks_returned_to_freelist: 9.
num_chunks_taken_from_freelist: 2583.
num_chunk_merges: 9.
num_chunk_splits: 1888.
num_chunks_enlarged: 1485.
num_inconsistent_stats: 0.

CodeHeap 'non-profiled nmethods': size=120000Kb used=2458Kb max_used=2458Kb free=117541Kb
 bounds [0x000002ed56930000, 0x000002ed56ba0000, 0x000002ed5de60000]
CodeHeap 'profiled nmethods': size=120000Kb used=9619Kb max_used=9619Kb free=110380Kb
 bounds [0x000002ed4ee60000, 0x000002ed4f7d0000, 0x000002ed56390000]
CodeHeap 'non-nmethods': size=5760Kb used=1291Kb max_used=1343Kb free=4468Kb
 bounds [0x000002ed56390000, 0x000002ed56600000, 0x000002ed56930000]
 total_blobs=5543 nmethods=4928 adapters=526
 compilation: enabled
              stopped_count=0, restarted_count=0
 full_count=0

Compilation events (20 events):
Event: 11.822 Thread 0x000002ed627c5d70 nmethod 4874 0x000002ed4f7a7790 code [0x000002ed4f7a7a00, 0x000002ed4f7a8798]
Event: 11.822 Thread 0x000002ed627c5d70 4875       3       net.bytebuddy.description.method.MethodDescription$ForLoadedMethod::<init> (6 bytes)
Event: 11.822 Thread 0x000002ed627c5d70 nmethod 4875 0x000002ed4f7a8b90 code [0x000002ed4f7a8d60, 0x000002ed4f7a90f8]
Event: 11.822 Thread 0x000002ed627c5d70 4876       3       net.bytebuddy.description.type.TypeList$Explicit::get (6 bytes)
Event: 11.822 Thread 0x000002ed627c5d70 nmethod 4876 0x000002ed4f7a9290 code [0x000002ed4f7a9440, 0x000002ed4f7a9788]
Event: 11.822 Thread 0x000002ed627c5d70 4877       3       net.bytebuddy.description.type.TypeList$Explicit::get (14 bytes)
Event: 11.822 Thread 0x000002ed627c5d70 nmethod 4877 0x000002ed4f7a9890 code [0x000002ed4f7a9a40, 0x000002ed4f7a9d08]
Event: 11.822 Thread 0x000002ed627c5d70 4880       3       java.util.AbstractList::equals (117 bytes)
Event: 11.823 Thread 0x000002ed627c5d70 nmethod 4880 0x000002ed4f7a9e10 code [0x000002ed4f7aa080, 0x000002ed4f7aad88]
Event: 11.823 Thread 0x000002ed627c5d70 4879       3       net.bytebuddy.description.method.MethodDescription$TypeToken::hashCode (71 bytes)
Event: 11.823 Thread 0x000002ed627c5d70 nmethod 4879 0x000002ed4f7ab010 code [0x000002ed4f7ab1e0, 0x000002ed4f7ab578]
Event: 11.823 Thread 0x000002ed627c5d70 4878       1       net.bytebuddy.dynamic.scaffold.MethodGraph$Compiler$Default$Key$Store$Entry$Resolved$Node::getRepresentative (5 bytes)
Event: 11.824 Thread 0x000002ed627c5d70 nmethod 4878 0x000002ed56b94d90 code [0x000002ed56b94f20, 0x000002ed56b94ff8]
Event: 11.824 Thread 0x000002ed627c5d70 4881       3       net.bytebuddy.description.method.ParameterDescription$ForLoadedParameter$OfMethod::<init> (8 bytes)
Event: 11.824 Thread 0x000002ed627c5d70 nmethod 4881 0x000002ed4f7ab690 code [0x000002ed4f7ab860, 0x000002ed4f7abc18]
Event: 11.830 Thread 0x000002ed627c5d70 4882       3       net.bytebuddy.description.method.ParameterList$ForLoadedExecutable$OfMethod::get (20 bytes)
Event: 11.831 Thread 0x000002ed627c5d70 nmethod 4882 0x000002ed4f7abd90 code [0x000002ed4f7abf60, 0x000002ed4f7ac4b8]
Event: 11.831 Thread 0x000002ed627c5d70 4883       3       net.bytebuddy.description.method.MethodDescription$TypeSubstituting::getInternalName (10 bytes)
Event: 11.831 Thread 0x000002ed627c5d70 nmethod 4883 0x000002ed4f7ac690 code [0x000002ed4f7ac840, 0x000002ed4f7aca08]
Event: 11.879 Thread 0x000002ed627c5d70 4884       3       java.lang.Class::privateGetDeclaredFields (64 bytes)

GC Heap History (20 events):
Event: 5.356 GC heap before
{Heap before GC invocations=7 (full 0):
 garbage-first heap   total 40960K, used 27649K [0x00000000c2c00000, 0x0000000100000000)
  region size 1024K, 16 young (16384K), 1 survivors (1024K)
 Metaspace       used 28182K, committed 28416K, reserved 1114112K
  class space    used 3420K, committed 3520K, reserved 1048576K
}
Event: 5.360 GC heap after
{Heap after GC invocations=8 (full 0):
 garbage-first heap   total 40960K, used 14148K [0x00000000c2c00000, 0x0000000100000000)
  region size 1024K, 2 young (2048K), 2 survivors (2048K)
 Metaspace       used 28182K, committed 28416K, reserved 1114112K
  class space    used 3420K, committed 3520K, reserved 1048576K
}
Event: 5.785 GC heap before
{Heap before GC invocations=8 (full 0):
 garbage-first heap   total 40960K, used 28484K [0x00000000c2c00000, 0x0000000100000000)
  region size 1024K, 16 young (16384K), 2 survivors (2048K)
 Metaspace       used 29791K, committed 30016K, reserved 1114112K
  class space    used 3625K, committed 3712K, reserved 1048576K
}
Event: 5.791 GC heap after
{Heap after GC invocations=9 (full 0):
 garbage-first heap   total 40960K, used 15309K [0x00000000c2c00000, 0x0000000100000000)
  region size 1024K, 2 young (2048K), 2 survivors (2048K)
 Metaspace       used 29791K, committed 30016K, reserved 1114112K
  class space    used 3625K, committed 3712K, reserved 1048576K
}
Event: 6.430 GC heap before
{Heap before GC invocations=9 (full 0):
 garbage-first heap   total 40960K, used 29645K [0x00000000c2c00000, 0x0000000100000000)
  region size 1024K, 16 young (16384K), 2 survivors (2048K)
 Metaspace       used 31704K, committed 32064K, reserved 1114112K
  class space    used 3912K, committed 4096K, reserved 1048576K
}
Event: 6.434 GC heap after
{Heap after GC invocations=10 (full 0):
 garbage-first heap   total 40960K, used 16245K [0x00000000c2c00000, 0x0000000100000000)
  region size 1024K, 2 young (2048K), 2 survivors (2048K)
 Metaspace       used 31704K, committed 32064K, reserved 1114112K
  class space    used 3912K, committed 4096K, reserved 1048576K
}
Event: 7.290 GC heap before
{Heap before GC invocations=10 (full 0):
 garbage-first heap   total 40960K, used 29557K [0x00000000c2c00000, 0x0000000100000000)
  region size 1024K, 16 young (16384K), 2 survivors (2048K)
 Metaspace       used 34506K, committed 34880K, reserved 1114112K
  class space    used 4304K, committed 4480K, reserved 1048576K
}
Event: 7.296 GC heap after
{Heap after GC invocations=11 (full 0):
 garbage-first heap   total 40960K, used 17574K [0x00000000c2c00000, 0x0000000100000000)
  region size 1024K, 2 young (2048K), 2 survivors (2048K)
 Metaspace       used 34506K, committed 34880K, reserved 1114112K
  class space    used 4304K, committed 4480K, reserved 1048576K
}
Event: 7.648 GC heap before
{Heap before GC invocations=11 (full 0):
 garbage-first heap   total 40960K, used 24742K [0x00000000c2c00000, 0x0000000100000000)
  region size 1024K, 10 young (10240K), 2 survivors (2048K)
 Metaspace       used 35934K, committed 36288K, reserved 1114112K
  class space    used 4543K, committed 4672K, reserved 1048576K
}
Event: 7.653 GC heap after
{Heap after GC invocations=12 (full 0):
 garbage-first heap   total 40960K, used 18599K [0x00000000c2c00000, 0x0000000100000000)
  region size 1024K, 1 young (1024K), 1 survivors (1024K)
 Metaspace       used 35934K, committed 36288K, reserved 1114112K
  class space    used 4543K, committed 4672K, reserved 1048576K
}
Event: 8.124 GC heap before
{Heap before GC invocations=13 (full 0):
 garbage-first heap   total 40960K, used 29863K [0x00000000c2c00000, 0x0000000100000000)
  region size 1024K, 13 young (13312K), 1 survivors (1024K)
 Metaspace       used 37849K, committed 38272K, reserved 1114112K
  class space    used 4755K, committed 4928K, reserved 1048576K
}
Event: 8.129 GC heap after
{Heap after GC invocations=14 (full 0):
 garbage-first heap   total 40960K, used 19230K [0x00000000c2c00000, 0x0000000100000000)
  region size 1024K, 2 young (2048K), 2 survivors (2048K)
 Metaspace       used 37849K, committed 38272K, reserved 1114112K
  class space    used 4755K, committed 4928K, reserved 1048576K
}
Event: 8.635 GC heap before
{Heap before GC invocations=14 (full 0):
 garbage-first heap   total 40960K, used 30494K [0x00000000c2c00000, 0x0000000100000000)
  region size 1024K, 14 young (14336K), 2 survivors (2048K)
 Metaspace       used 40974K, committed 41408K, reserved 1114112K
  class space    used 5075K, committed 5248K, reserved 1048576K
}
Event: 8.641 GC heap after
{Heap after GC invocations=15 (full 0):
 garbage-first heap   total 75776K, used 20291K [0x00000000c2c00000, 0x0000000100000000)
  region size 1024K, 2 young (2048K), 2 survivors (2048K)
 Metaspace       used 40974K, committed 41408K, reserved 1114112K
  class space    used 5075K, committed 5248K, reserved 1048576K
}
Event: 10.109 GC heap before
{Heap before GC invocations=15 (full 0):
 garbage-first heap   total 75776K, used 57155K [0x00000000c2c00000, 0x0000000100000000)
  region size 1024K, 38 young (38912K), 2 survivors (2048K)
 Metaspace       used 49591K, committed 50048K, reserved 1114112K
  class space    used 6365K, committed 6592K, reserved 1048576K
}
Event: 10.117 GC heap after
{Heap after GC invocations=16 (full 0):
 garbage-first heap   total 75776K, used 22407K [0x00000000c2c00000, 0x0000000100000000)
  region size 1024K, 4 young (4096K), 4 survivors (4096K)
 Metaspace       used 49591K, committed 50048K, reserved 1114112K
  class space    used 6365K, committed 6592K, reserved 1048576K
}
Event: 11.242 GC heap before
{Heap before GC invocations=16 (full 0):
 garbage-first heap   total 75776K, used 58247K [0x00000000c2c00000, 0x0000000100000000)
  region size 1024K, 39 young (39936K), 4 survivors (4096K)
 Metaspace       used 57188K, committed 57728K, reserved 1114112K
  class space    used 7384K, committed 7616K, reserved 1048576K
}
Event: 11.249 GC heap after
{Heap after GC invocations=17 (full 0):
 garbage-first heap   total 75776K, used 24117K [0x00000000c2c00000, 0x0000000100000000)
  region size 1024K, 4 young (4096K), 4 survivors (4096K)
 Metaspace       used 57188K, committed 57728K, reserved 1114112K
  class space    used 7384K, committed 7616K, reserved 1048576K
}
Event: 11.666 GC heap before
{Heap before GC invocations=17 (full 0):
 garbage-first heap   total 75776K, used 34357K [0x00000000c2c00000, 0x0000000100000000)
  region size 1024K, 15 young (15360K), 4 survivors (4096K)
 Metaspace       used 60432K, committed 60928K, reserved 1114112K
  class space    used 8001K, committed 8256K, reserved 1048576K
}
Event: 11.672 GC heap after
{Heap after GC invocations=18 (full 0):
 garbage-first heap   total 75776K, used 24724K [0x00000000c2c00000, 0x0000000100000000)
  region size 1024K, 3 young (3072K), 3 survivors (3072K)
 Metaspace       used 60432K, committed 60928K, reserved 1114112K
  class space    used 8001K, committed 8256K, reserved 1048576K
}

Dll operation events (9 events):
Event: 0.011 Loaded shared library C:\Users\ANDRES\.vscode\extensions\redhat.java-1.29.0-win32-x64\jre\17.0.10-win32-x86_64\bin\java.dll
Event: 0.234 Loaded shared library C:\Users\ANDRES\.vscode\extensions\redhat.java-1.29.0-win32-x64\jre\17.0.10-win32-x86_64\bin\net.dll
Event: 0.240 Loaded shared library C:\Users\ANDRES\.vscode\extensions\redhat.java-1.29.0-win32-x64\jre\17.0.10-win32-x86_64\bin\nio.dll
Event: 0.251 Loaded shared library C:\Users\ANDRES\.vscode\extensions\redhat.java-1.29.0-win32-x64\jre\17.0.10-win32-x86_64\bin\zip.dll
Event: 0.539 Loaded shared library C:\Users\ANDRES\.vscode\extensions\redhat.java-1.29.0-win32-x64\jre\17.0.10-win32-x86_64\bin\jimage.dll
Event: 1.519 Loaded shared library C:\Users\ANDRES\.vscode\extensions\redhat.java-1.29.0-win32-x64\jre\17.0.10-win32-x86_64\bin\management.dll
Event: 1.528 Loaded shared library C:\Users\ANDRES\.vscode\extensions\redhat.java-1.29.0-win32-x64\jre\17.0.10-win32-x86_64\bin\management_ext.dll
Event: 5.024 Loaded shared library C:\Users\ANDRES\.vscode\extensions\redhat.java-1.29.0-win32-x64\jre\17.0.10-win32-x86_64\bin\sunmscapi.dll
Event: 9.646 Loaded shared library C:\Users\ANDRES\.vscode\extensions\redhat.java-1.29.0-win32-x64\jre\17.0.10-win32-x86_64\bin\verify.dll

Deoptimization events (20 events):
Event: 10.157 Thread 0x000002ed678e4200 DEOPT PACKING pc=0x000002ed56abb220 sp=0x000000fbda5fd6b0
Event: 10.157 Thread 0x000002ed678e4200 DEOPT UNPACKING pc=0x000002ed563e69a3 sp=0x000000fbda5fd640 mode 2
Event: 10.711 Thread 0x000002ed678e4200 DEOPT PACKING pc=0x000002ed4eea78b4 sp=0x000000fbda5fcd80
Event: 10.711 Thread 0x000002ed678e4200 DEOPT UNPACKING pc=0x000002ed563e7143 sp=0x000000fbda5fc1f0 mode 0
Event: 10.713 Thread 0x000002ed678e4200 DEOPT PACKING pc=0x000002ed4eea78b4 sp=0x000000fbda5fcd10
Event: 10.713 Thread 0x000002ed678e4200 DEOPT UNPACKING pc=0x000002ed563e7143 sp=0x000000fbda5fc180 mode 0
Event: 10.715 Thread 0x000002ed678e4200 DEOPT PACKING pc=0x000002ed4eea78b4 sp=0x000000fbda5fcd10
Event: 10.715 Thread 0x000002ed678e4200 DEOPT UNPACKING pc=0x000002ed563e7143 sp=0x000000fbda5fc180 mode 0
Event: 10.716 Thread 0x000002ed678e4200 DEOPT PACKING pc=0x000002ed4eea78b4 sp=0x000000fbda5fcd10
Event: 10.716 Thread 0x000002ed678e4200 DEOPT UNPACKING pc=0x000002ed563e7143 sp=0x000000fbda5fc180 mode 0
Event: 10.718 Thread 0x000002ed678e4200 DEOPT PACKING pc=0x000002ed4eea78b4 sp=0x000000fbda5fcd10
Event: 10.718 Thread 0x000002ed678e4200 DEOPT UNPACKING pc=0x000002ed563e7143 sp=0x000000fbda5fc180 mode 0
Event: 11.033 Thread 0x000002ed678e4200 Uncommon trap: trap_request=0xffffff45 fr.pc=0x000002ed56a08848 relative=0x0000000000000048
Event: 11.034 Thread 0x000002ed678e4200 Uncommon trap: reason=unstable_if action=reinterpret pc=0x000002ed56a08848 method=java.lang.StringConcatHelper.stringOf(Ljava/lang/Object;)Ljava/lang/String; @ 1 c2
Event: 11.034 Thread 0x000002ed678e4200 DEOPT PACKING pc=0x000002ed56a08848 sp=0x000000fbda5fd6b0
Event: 11.034 Thread 0x000002ed678e4200 DEOPT UNPACKING pc=0x000002ed563e69a3 sp=0x000000fbda5fd640 mode 2
Event: 11.800 Thread 0x000002ed678e4200 Uncommon trap: trap_request=0xffffff45 fr.pc=0x000002ed56b8bd80 relative=0x0000000000000de0
Event: 11.800 Thread 0x000002ed678e4200 Uncommon trap: reason=unstable_if action=reinterpret pc=0x000002ed56b8bd80 method=jdk.internal.org.objectweb.asm.Frame.getAbstractTypeFromDescriptor(Ljdk/internal/org/objectweb/asm/SymbolTable;Ljava/lang/String;I)I @ 189 c2
Event: 11.800 Thread 0x000002ed678e4200 DEOPT PACKING pc=0x000002ed56b8bd80 sp=0x000000fbda5faaa0
Event: 11.800 Thread 0x000002ed678e4200 DEOPT UNPACKING pc=0x000002ed563e69a3 sp=0x000000fbda5faa70 mode 2

Classes unloaded (0 events):
No events

Classes redefined (0 events):
No events

Internal exceptions (20 events):
Event: 7.561 Thread 0x000002ed678e4200 Exception <a 'java/lang/NoSuchMethodError'{0x00000000c4c3bda8}: 'java.lang.Object java.lang.invoke.DirectMethodHandle$Holder.invokeStaticInit(java.lang.Object, int, int, int, int)'> (0x00000000c4c3bda8) 
thrown [s\src\hotspot\share\interpreter\linkResolver.cpp, line 759]
Event: 7.648 Thread 0x000002ed678e4200 Exception <a 'java/lang/NoSuchMethodError'{0x00000000c4cecda0}: 'java.lang.Object java.lang.invoke.DirectMethodHandle$Holder.invokeStaticInit(java.lang.Object, java.lang.Object, int, int, int, int)'> (0x00000000c4cecda0) 
thrown [s\src\hotspot\share\interpreter\linkResolver.cpp, line 759]
Event: 7.906 Thread 0x000002ed678e4200 Exception <a 'sun/nio/fs/WindowsException'{0x00000000c4c2f5c8}> (0x00000000c4c2f5c8) 
thrown [s\src\hotspot\share\prims\jni.cpp, line 516]
Event: 7.908 Thread 0x000002ed678e4200 Exception <a 'sun/nio/fs/WindowsException'{0x00000000c4c35058}> (0x00000000c4c35058) 
thrown [s\src\hotspot\share\prims\jni.cpp, line 516]
Event: 7.909 Thread 0x000002ed678e4200 Exception <a 'sun/nio/fs/WindowsException'{0x00000000c4c35738}> (0x00000000c4c35738) 
thrown [s\src\hotspot\share\prims\jni.cpp, line 516]
Event: 7.963 Thread 0x000002ed678e4200 Exception <a 'java/lang/NoSuchMethodError'{0x00000000c4a708e8}: 'java.lang.Object java.lang.invoke.DirectMethodHandle$Holder.invokeSpecial(java.lang.Object, java.lang.Object, long, java.lang.Object, java.lang.Object, java.lang.Object, java.lang.Object, java.lang.Object, java.lang.Object)'> (0x00000000c4a708e8) 
thrown [s\src\hotspot\share\interpreter\linkResolver.cpp, line 759]
Event: 7.964 Thread 0x000002ed678e4200 Exception <a 'java/lang/NoSuchMethodError'{0x00000000c4a75668}: 'java.lang.Object java.lang.invoke.DelegatingMethodHandle$Holder.reinvoke_L(java.lang.Object, long, java.lang.Object, java.lang.Object, java.lang.Object, java.lang.Object, java.lang.Object, java.lang.Object)'> (0x00000000c4a75668) 
thrown [s\src\hotspot\share\interpreter\linkResolver.cpp, line 759]
Event: 8.008 Thread 0x000002ed678e4200 Implicit null exception at 0x000002ed56a0fa08 to 0x000002ed56a11308
Event: 8.044 Thread 0x000002ed678e4200 Exception <a 'java/io/FileNotFoundException'{0x00000000c49cb448}> (0x00000000c49cb448) 
thrown [s\src\hotspot\share\prims\jni.cpp, line 516]
Event: 8.083 Thread 0x000002ed678e4200 Exception <a 'java/lang/NoSuchMethodError'{0x00000000c472e250}: 'int java.lang.invoke.DirectMethodHandle$Holder.invokeInterface(java.lang.Object, java.lang.Object, java.lang.Object, java.lang.Object)'> (0x00000000c472e250) 
thrown [s\src\hotspot\share\interpreter\linkResolver.cpp, line 759]
Event: 8.453 Thread 0x000002ed678e4200 Exception <a 'java/lang/NoSuchMethodError'{0x00000000c4b14ae0}: 'void java.lang.invoke.DirectMethodHandle$Holder.invokeStaticInit(java.lang.Object, java.lang.Object, java.lang.Object, java.lang.Object, java.lang.Object)'> (0x00000000c4b14ae0) 
thrown [s\src\hotspot\share\interpreter\linkResolver.cpp, line 759]
Event: 8.791 Thread 0x000002ed678e4200 Exception <a 'java/lang/NoSuchMethodError'{0x00000000c711da08}: 'java.lang.Object java.lang.invoke.DirectMethodHandle$Holder.invokeStaticInit(java.lang.Object, java.lang.Object, java.lang.Object, java.lang.Object)'> (0x00000000c711da08) 
thrown [s\src\hotspot\share\interpreter\linkResolver.cpp, line 759]
Event: 8.887 Thread 0x000002ed678e4200 Exception <a 'java/lang/NoSuchMethodError'{0x00000000c6f43aa8}: 'long java.lang.invoke.DirectMethodHandle$Holder.invokeVirtual(java.lang.Object, java.lang.Object)'> (0x00000000c6f43aa8) 
thrown [s\src\hotspot\share\interpreter\linkResolver.cpp, line 759]
Event: 8.895 Thread 0x000002ed678e4200 Exception <a 'java/io/FileNotFoundException'{0x00000000c6f73ad0}> (0x00000000c6f73ad0) 
thrown [s\src\hotspot\share\prims\jni.cpp, line 516]
Event: 8.995 Thread 0x000002ed678e4200 Exception <a 'sun/nio/fs/WindowsException'{0x00000000c6b3f7a8}> (0x00000000c6b3f7a8) 
thrown [s\src\hotspot\share\prims\jni.cpp, line 516]
Event: 9.948 Thread 0x000002ed678e4200 Exception <a 'java/lang/NoSuchMethodError'{0x00000000c54c6338}: 'int java.lang.invoke.DirectMethodHandle$Holder.invokeStatic(java.lang.Object)'> (0x00000000c54c6338) 
thrown [s\src\hotspot\share\interpreter\linkResolver.cpp, line 759]
Event: 10.665 Thread 0x000002ed678e4200 Exception <a 'java/lang/NoSuchMethodError'{0x00000000c66e6580}: 'java.lang.Object java.lang.invoke.DirectMethodHandle$Holder.invokeSpecial(java.lang.Object, java.lang.Object, java.lang.Object, long, long)'> (0x00000000c66e6580) 
thrown [s\src\hotspot\share\interpreter\linkResolver.cpp, line 759]
Event: 11.065 Thread 0x000002ed678e4200 Exception <a 'java/lang/IncompatibleClassChangeError'{0x00000000c580dad0}: Found class java.lang.Object, but interface was expected> (0x00000000c580dad0) 
thrown [s\src\hotspot\share\interpreter\linkResolver.cpp, line 826]
Event: 11.088 Thread 0x000002ed678e4200 Exception <a 'java/lang/NoSuchMethodError'{0x00000000c58dea98}: 'java.lang.Object java.lang.invoke.DirectMethodHandle$Holder.invokeStatic(java.lang.Object, java.lang.Object, int, java.lang.Object)'> (0x00000000c58dea98) 
thrown [s\src\hotspot\share\interpreter\linkResolver.cpp, line 759]
Event: 11.088 Thread 0x000002ed678e4200 Exception <a 'java/lang/NoSuchMethodError'{0x00000000c58e2530}: 'java.lang.Object java.lang.invoke.DirectMethodHandle$Holder.invokeStaticInit(java.lang.Object, java.lang.Object, int, java.lang.Object)'> (0x00000000c58e2530) 
thrown [s\src\hotspot\share\interpreter\linkResolver.cpp, line 759]

VM Operations (20 events):
Event: 8.899 Executing VM operation: HandshakeAllThreads
Event: 8.899 Executing VM operation: HandshakeAllThreads done
Event: 8.945 Executing VM operation: HandshakeAllThreads
Event: 8.946 Executing VM operation: HandshakeAllThreads done
Event: 9.953 Executing VM operation: Cleanup
Event: 9.954 Executing VM operation: Cleanup done
Event: 10.109 Executing VM operation: G1CollectForAllocation
Event: 10.117 Executing VM operation: G1CollectForAllocation done
Event: 11.017 Executing VM operation: ICBufferFull
Event: 11.017 Executing VM operation: ICBufferFull done
Event: 11.242 Executing VM operation: G1CollectForAllocation
Event: 11.249 Executing VM operation: G1CollectForAllocation done
Event: 11.666 Executing VM operation: CollectForMetadataAllocation
Event: 11.672 Executing VM operation: CollectForMetadataAllocation done
Event: 11.729 Executing VM operation: G1PauseRemark
Event: 11.733 Executing VM operation: G1PauseRemark done
Event: 11.760 Executing VM operation: G1PauseCleanup
Event: 11.760 Executing VM operation: G1PauseCleanup done
Event: 11.778 Executing VM operation: HandshakeAllThreads
Event: 11.778 Executing VM operation: HandshakeAllThreads done

Events (20 events):
Event: 10.735 loading class javax/naming/RefAddr
Event: 10.735 loading class javax/naming/RefAddr done
Event: 10.735 loading class javax/naming/StringRefAddr
Event: 10.735 loading class javax/naming/StringRefAddr done
Event: 10.771 loading class java/util/concurrent/CompletionStage
Event: 10.771 loading class java/util/concurrent/CompletionStage done
Event: 10.772 loading class java/util/concurrent/CompletableFuture
Event: 10.773 loading class java/util/concurrent/CompletableFuture done
Event: 10.773 loading class java/util/concurrent/CompletableFuture$AltResult
Event: 10.774 loading class java/util/concurrent/CompletableFuture$AltResult done
Event: 10.777 loading class java/util/concurrent/CompletableFuture$Completion
Event: 10.777 loading class java/util/concurrent/CompletableFuture$AsynchronousCompletionTask
Event: 10.777 loading class java/util/concurrent/CompletableFuture$AsynchronousCompletionTask done
Event: 10.777 loading class java/util/concurrent/ForkJoinTask
Event: 10.778 loading class java/util/concurrent/ForkJoinTask done
Event: 10.778 loading class java/util/concurrent/CompletableFuture$Completion done
Event: 10.932 loading class sun/reflect/annotation/TypeAnnotation$TypeAnnotationTargetInfo
Event: 10.933 loading class sun/reflect/annotation/TypeAnnotation$TypeAnnotationTargetInfo done
Event: 11.053 loading class java/util/concurrent/CancellationException
Event: 11.053 loading class java/util/concurrent/CancellationException done


Dynamic libraries:
0x00007ff6e9220000 - 0x00007ff6e922e000 	C:\Users\ANDRES\.vscode\extensions\redhat.java-1.29.0-win32-x64\jre\17.0.10-win32-x86_64\bin\java.exe
0x00007ff85d430000 - 0x00007ff85d628000 	C:\Windows\SYSTEM32\ntdll.dll
0x00007ff85bb20000 - 0x00007ff85bbdd000 	C:\Windows\System32\KERNEL32.DLL
0x00007ff85ace0000 - 0x00007ff85afd6000 	C:\Windows\System32\KERNELBASE.dll
0x00007ff85b1e0000 - 0x00007ff85b2e0000 	C:\Windows\System32\ucrtbase.dll
0x00007ff8517d0000 - 0x00007ff8517e7000 	C:\Users\ANDRES\.vscode\extensions\redhat.java-1.29.0-win32-x64\jre\17.0.10-win32-x86_64\bin\jli.dll
0x00007ff85b480000 - 0x00007ff85b61e000 	C:\Windows\System32\USER32.dll
0x00007ff85b2e0000 - 0x00007ff85b302000 	C:\Windows\System32\win32u.dll
0x00007ff85ba30000 - 0x00007ff85ba5b000 	C:\Windows\System32\GDI32.dll
0x00007ff85aae0000 - 0x00007ff85abf7000 	C:\Windows\System32\gdi32full.dll
0x00007ff8517b0000 - 0x00007ff8517cb000 	C:\Users\ANDRES\.vscode\extensions\redhat.java-1.29.0-win32-x64\jre\17.0.10-win32-x86_64\bin\VCRUNTIME140.dll
0x00007ff85b3c0000 - 0x00007ff85b45d000 	C:\Windows\System32\msvcp_win.dll
0x00007ff845a50000 - 0x00007ff845cea000 	C:\Windows\WinSxS\amd64_microsoft.windows.common-controls_6595b64144ccf1df_6.0.19041.3636_none_60b6a03d71f818d5\COMCTL32.dll
0x00007ff85c020000 - 0x00007ff85c0be000 	C:\Windows\System32\msvcrt.dll
0x00007ff85b9f0000 - 0x00007ff85ba22000 	C:\Windows\System32\IMM32.DLL
0x00007ff858ad0000 - 0x00007ff858adc000 	C:\Users\ANDRES\.vscode\extensions\redhat.java-1.29.0-win32-x64\jre\17.0.10-win32-x86_64\bin\vcruntime140_1.dll
0x00007ff81af20000 - 0x00007ff81afad000 	C:\Users\ANDRES\.vscode\extensions\redhat.java-1.29.0-win32-x64\jre\17.0.10-win32-x86_64\bin\msvcp140.dll
0x00007ff80b540000 - 0x00007ff80c1a2000 	C:\Users\ANDRES\.vscode\extensions\redhat.java-1.29.0-win32-x64\jre\17.0.10-win32-x86_64\bin\server\jvm.dll
0x00007ff85ba60000 - 0x00007ff85bb10000 	C:\Windows\System32\ADVAPI32.dll
0x00007ff85b630000 - 0x00007ff85b6d0000 	C:\Windows\System32\sechost.dll
0x00007ff85c800000 - 0x00007ff85c925000 	C:\Windows\System32\RPCRT4.dll
0x00007ff85b1b0000 - 0x00007ff85b1d7000 	C:\Windows\System32\bcrypt.dll
0x00007ff85a940000 - 0x00007ff85a98b000 	C:\Windows\SYSTEM32\POWRPROF.dll
0x00007ff851dc0000 - 0x00007ff851dc9000 	C:\Windows\SYSTEM32\WSOCK32.dll
0x00007ff85c790000 - 0x00007ff85c7fb000 	C:\Windows\System32\WS2_32.dll
0x00007ff8507e0000 - 0x00007ff8507ea000 	C:\Windows\SYSTEM32\VERSION.dll
0x00007ff842130000 - 0x00007ff842157000 	C:\Windows\SYSTEM32\WINMM.dll
0x00007ff85a920000 - 0x00007ff85a932000 	C:\Windows\SYSTEM32\UMPDC.dll
0x00007ff859370000 - 0x00007ff859382000 	C:\Windows\SYSTEM32\kernel.appcore.dll
0x00007ff8517a0000 - 0x00007ff8517aa000 	C:\Users\ANDRES\.vscode\extensions\redhat.java-1.29.0-win32-x64\jre\17.0.10-win32-x86_64\bin\jimage.dll
0x00007ff855840000 - 0x00007ff855a24000 	C:\Windows\SYSTEM32\DBGHELP.DLL
0x00007ff841ce0000 - 0x00007ff841d14000 	C:\Windows\SYSTEM32\dbgcore.DLL
0x00007ff85ac00000 - 0x00007ff85ac82000 	C:\Windows\System32\bcryptPrimitives.dll
0x00007ff80ebb0000 - 0x00007ff80ebd5000 	C:\Users\ANDRES\.vscode\extensions\redhat.java-1.29.0-win32-x64\jre\17.0.10-win32-x86_64\bin\java.dll
0x00007ff84a150000 - 0x00007ff84a168000 	C:\Users\ANDRES\.vscode\extensions\redhat.java-1.29.0-win32-x64\jre\17.0.10-win32-x86_64\bin\zip.dll
0x00007ff85c9c0000 - 0x00007ff85d12b000 	C:\Windows\System32\SHELL32.dll
0x00007ff858b40000 - 0x00007ff8592de000 	C:\Windows\SYSTEM32\windows.storage.dll
0x00007ff85bcc0000 - 0x00007ff85c013000 	C:\Windows\System32\combase.dll
0x00007ff85a440000 - 0x00007ff85a46e000 	C:\Windows\SYSTEM32\Wldp.dll
0x00007ff85c0c0000 - 0x00007ff85c18d000 	C:\Windows\System32\OLEAUT32.dll
0x00007ff85d130000 - 0x00007ff85d1dd000 	C:\Windows\System32\SHCORE.dll
0x00007ff85bbe0000 - 0x00007ff85bc35000 	C:\Windows\System32\shlwapi.dll
0x00007ff85aa10000 - 0x00007ff85aa35000 	C:\Windows\SYSTEM32\profapi.dll
0x00007ff80eb90000 - 0x00007ff80eba9000 	C:\Users\ANDRES\.vscode\extensions\redhat.java-1.29.0-win32-x64\jre\17.0.10-win32-x86_64\bin\net.dll
0x00007ff84c8e0000 - 0x00007ff84c9ea000 	C:\Windows\SYSTEM32\WINHTTP.dll
0x00007ff85a1a0000 - 0x00007ff85a20a000 	C:\Windows\system32\mswsock.dll
0x00007ff80eb70000 - 0x00007ff80eb86000 	C:\Users\ANDRES\.vscode\extensions\redhat.java-1.29.0-win32-x64\jre\17.0.10-win32-x86_64\bin\nio.dll
0x00007ff8592f0000 - 0x00007ff8592f9000 	C:\Users\ANDRES\.vscode\extensions\redhat.java-1.29.0-win32-x64\jre\17.0.10-win32-x86_64\bin\management.dll
0x00007ff858aa0000 - 0x00007ff858aab000 	C:\Users\ANDRES\.vscode\extensions\redhat.java-1.29.0-win32-x64\jre\17.0.10-win32-x86_64\bin\management_ext.dll
0x00007ff85bb10000 - 0x00007ff85bb18000 	C:\Windows\System32\PSAPI.DLL
0x00007ff858b10000 - 0x00007ff858b1e000 	C:\Users\ANDRES\.vscode\extensions\redhat.java-1.29.0-win32-x64\jre\17.0.10-win32-x86_64\bin\sunmscapi.dll
0x00007ff85afe0000 - 0x00007ff85b13d000 	C:\Windows\System32\CRYPT32.dll
0x00007ff85a4b0000 - 0x00007ff85a4d8000 	C:\Windows\SYSTEM32\ncrypt.dll
0x00007ff85a470000 - 0x00007ff85a4ab000 	C:\Windows\SYSTEM32\NTASN1.dll
0x00007ff85a390000 - 0x00007ff85a3a8000 	C:\Windows\SYSTEM32\CRYPTSP.dll
0x00007ff859ad0000 - 0x00007ff859b04000 	C:\Windows\system32\rsaenh.dll
0x00007ff85a9d0000 - 0x00007ff85a9fe000 	C:\Windows\SYSTEM32\USERENV.dll
0x00007ff85a3b0000 - 0x00007ff85a3bc000 	C:\Windows\SYSTEM32\CRYPTBASE.dll
0x00007ff859e90000 - 0x00007ff859ecb000 	C:\Windows\SYSTEM32\IPHLPAPI.DLL
0x00007ff85b620000 - 0x00007ff85b628000 	C:\Windows\System32\NSI.dll
0x00007ff84de00000 - 0x00007ff84de17000 	C:\Windows\SYSTEM32\dhcpcsvc6.DLL
0x00007ff84ef90000 - 0x00007ff84efad000 	C:\Windows\SYSTEM32\dhcpcsvc.DLL
0x00007ff859ed0000 - 0x00007ff859f9b000 	C:\Windows\SYSTEM32\DNSAPI.dll
0x00007ff851780000 - 0x00007ff851790000 	C:\Users\ANDRES\.vscode\extensions\redhat.java-1.29.0-win32-x64\jre\17.0.10-win32-x86_64\bin\verify.dll

dbghelp: loaded successfully - version: 4.0.5 - missing functions: none
symbol engine: initialized successfully - sym options: 0x614 - pdb path: .;C:\Users\ANDRES\.vscode\extensions\redhat.java-1.29.0-win32-x64\jre\17.0.10-win32-x86_64\bin;C:\Windows\SYSTEM32;C:\Windows\WinSxS\amd64_microsoft.windows.common-controls_6595b64144ccf1df_6.0.19041.3636_none_60b6a03d71f818d5;C:\Users\ANDRES\.vscode\extensions\redhat.java-1.29.0-win32-x64\jre\17.0.10-win32-x86_64\bin\server

VM Arguments:
jvm_args: -XX:+ShowCodeDetailsInExceptionMessages 
java_command: com.sebas.demo.ProyectoOngApplication
java_class_path (initial): C:\Users\ANDRES\Documents\Sebastian\Java-Spring-boot\Proyecto-ONG2.0\proyecto-ONG\target\classes;C:\Users\ANDRES\.m2\repository\org\springframework\boot\spring-boot-starter-data-jpa\3.2.4\spring-boot-starter-data-jpa-3.2.4.jar;C:\Users\ANDRES\.m2\repository\org\springframework\boot\spring-boot-starter-aop\3.2.4\spring-boot-starter-aop-3.2.4.jar;C:\Users\ANDRES\.m2\repository\org\springframework\spring-aop\6.1.5\spring-aop-6.1.5.jar;C:\Users\ANDRES\.m2\repository\org\aspectj\aspectjweaver\1.9.21\aspectjweaver-1.9.21.jar;C:\Users\ANDRES\.m2\repository\org\springframework\boot\spring-boot-starter-jdbc\3.2.4\spring-boot-starter-jdbc-3.2.4.jar;C:\Users\ANDRES\.m2\repository\com\zaxxer\HikariCP\5.0.1\HikariCP-5.0.1.jar;C:\Users\ANDRES\.m2\repository\org\springframework\spring-jdbc\6.1.5\spring-jdbc-6.1.5.jar;C:\Users\ANDRES\.m2\repository\org\hibernate\orm\hibernate-core\6.4.4.Final\hibernate-core-6.4.4.Final.jar;C:\Users\ANDRES\.m2\repository\jakarta\persistence\jakarta.persistence-api\3.1.0\jakarta.persistence-api-3.1.0.jar;C:\Users\ANDRES\.m2\repository\jakarta\transaction\jakarta.transaction-api\2.0.1\jakarta.transaction-api-2.0.1.jar;C:\Users\ANDRES\.m2\repository\org\jboss\logging\jboss-logging\3.5.3.Final\jboss-logging-3.5.3.Final.jar;C:\Users\ANDRES\.m2\repository\org\hibernate\common\hibernate-commons-annotations\6.0.6.Final\hibernate-commons-annotations-6.0.6.Final.jar;C:\Users\ANDRES\.m2\repository\io\smallrye\jandex\3.1.2\jandex-3.1.2.jar;C:\Users\ANDRES\.m2\repository\com\fasterxml\classmate\1.6.0\classmate-1.6.0.jar;C:\Users\ANDRES\.m2\repository\net\bytebuddy\byte-buddy\1.14.12\byte-buddy-1.14.12.jar;C:\Users\ANDRES\.m2\repository\org\glassfish\jaxb\jaxb-runtime\4.0.5\jaxb-runtime-4.0.5.jar;C:\Users\ANDRES\.m2\repository\org\glassfish\jaxb\jaxb-core\4.0.5\jaxb-core-4.0.5.jar;C:\Users\ANDRES\.m2\repository\org\eclipse\angus\angus-activation\2.0.2\angus-activation-2.0.2.jar;C:\Users\ANDRES\.m2\repository\org\glassfish\jaxb\txw2\4.
Launcher Type: SUN_STANDARD

[Global flags]
     intx CICompilerCount                          = 3                                         {product} {ergonomic}
     uint ConcGCThreads                            = 1                                         {product} {ergonomic}
     uint G1ConcRefinementThreads                  = 4                                         {product} {ergonomic}
   size_t G1HeapRegionSize                         = 1048576                                   {product} {ergonomic}
    uintx GCDrainStackTargetSize                   = 64                                        {product} {ergonomic}
   size_t InitialHeapSize                          = 65011712                                  {product} {ergonomic}
   size_t MarkStackSize                            = 4194304                                   {product} {ergonomic}
   size_t MaxHeapSize                              = 1027604480                                {product} {ergonomic}
   size_t MaxNewSize                               = 616562688                                 {product} {ergonomic}
   size_t MinHeapDeltaBytes                        = 1048576                                   {product} {ergonomic}
   size_t MinHeapSize                              = 8388608                                   {product} {ergonomic}
    uintx NonNMethodCodeHeapSize                   = 5832780                                {pd product} {ergonomic}
    uintx NonProfiledCodeHeapSize                  = 122912730                              {pd product} {ergonomic}
    uintx ProfiledCodeHeapSize                     = 122912730                              {pd product} {ergonomic}
    uintx ReservedCodeCacheSize                    = 251658240                              {pd product} {ergonomic}
     bool SegmentedCodeCache                       = true                                      {product} {ergonomic}
     bool ShowCodeDetailsInExceptionMessages       = true                                   {manageable} {command line}
   size_t SoftMaxHeapSize                          = 1027604480                             {manageable} {ergonomic}
     bool UseCompressedClassPointers               = true                           {product lp64_product} {ergonomic}
     bool UseCompressedOops                        = true                           {product lp64_product} {ergonomic}
     bool UseG1GC                                  = true                                      {product} {ergonomic}
     bool UseLargePagesIndividualAllocation        = false                                  {pd product} {ergonomic}

Logging:
Log output configuration:
 #0: stdout all=warning uptime,level,tags
 #1: stderr all=off uptime,level,tags

Environment Variables:
PATH=C:\Program Files (x86)\Common Files\Oracle\Java\javapath;C:\Windows\system32;C:\Windows;C:\Windows\System32\Wbem;C:\Windows\System32\WindowsPowerShell\v1.0\;C:\Windows\System32\OpenSSH\;C:\Program Files\Git\cmd;C:\Program Files\nodejs\;C:\ProgramData\chocolatey\bin;C:\Users\ANDRES\AppData\Local\Programs\Python\Python311\Scripts\;C:\Users\ANDRES\AppData\Local\Programs\Python\Python311\;C:\Users\ANDRES\AppData\Local\Microsoft\WindowsApps;;C:\Users\ANDRES\AppData\Local\Programs\Microsoft VS Code\bin;C:\Users\ANDRES\AppData\Roaming\npm
USERNAME=ANDRES
LANG=es_ES.UTF-8
OS=Windows_NT
PROCESSOR_IDENTIFIER=Intel64 Family 6 Model 142 Stepping 12, GenuineIntel
TMP=C:\Users\ANDRES\AppData\Local\Temp
TEMP=C:\Users\ANDRES\AppData\Local\Temp



Periodic native trim disabled


---------------  S Y S T E M  ---------------

OS:
 Windows 10 , 64 bit Build 19041 (10.0.19041.3636)
OS uptime: 7 days 0:44 hours

CPU: total 4 (initial active 4) (2 cores per cpu, 2 threads per core) family 6 model 142 stepping 12 microcode 0xea, cx8, cmov, fxsr, ht, mmx, 3dnowpref, sse, sse2, sse3, ssse3, sse4.1, sse4.2, popcnt, lzcnt, tsc, tscinvbit, avx, avx2, aes, erms, clmul, bmi1, bmi2, adx, fma, vzeroupper, clflush, clflushopt
Processor Information for all 4 processors :
  Max Mhz: 2592, Current Mhz: 2093, Mhz Limit: 2073

Memory: 4k page, system-wide physical 3918M (197M free)
TotalPageFile size 15694M (AvailPageFile size 0M)
current process WorkingSet (physical memory assigned to process): 210M, peak: 210M
current process commit charge ("private bytes"): 251M, peak: 252M

vm_info: OpenJDK 64-Bit Server VM (17.0.10+7) for windows-amd64 JRE (17.0.10+7), built on Jan 16 2024 23:25:11 by "admin" with MS VC++ 16.10 / 16.11 (VS2019)

END.
